<?xml version="1.0" encoding="UTF-8"?>
<!-- Generated by org.testng.reporters.JUnitXMLReporter -->
<testsuite ignored="0" hostname="DESKTOP-R0RLALP" failures="1" tests="1" name="Core Product Tests in Edge" time="15.402" errors="0" timestamp="2025-03-02T16:27:58 IST">
  <testcase classname="io.cucumber.testng.AbstractTestNGCucumberTests" name="runScenario" time="1.149">
    <failure type="java.io.FileNotFoundException" message="C:\Users\Admin\Downloads\MyProject\Multi-Module-Maven-Project\TestAutomation\automation-frameworknull (The system cannot find the file specified)">
      <![CDATA[java.io.FileNotFoundException: C:\Users\Admin\Downloads\MyProject\Multi-Module-Maven-Project\TestAutomation\automation-frameworknull (The system cannot find the file specified)
at java.base/java.io.FileInputStream.open0(Native Method)
at java.base/java.io.FileInputStream.open(FileInputStream.java:213)
at java.base/java.io.FileInputStream.<init>(FileInputStream.java:152)
at java.base/java.io.FileInputStream.<init>(FileInputStream.java:106)
at java.base/java.io.FileReader.<init>(FileReader.java:60)
at com.java.dataReader.JsonReader.getDataFromJson(JsonReader.java:20)
at com.java.base.TestBase.openCoreProductWebSite(TestBase.java:33)
]]>
    </failure>
  </testcase> <!-- runScenario -->
</testsuite> <!-- Core Product Tests in Edge -->
