<?xml version="1.0" encoding="UTF-8"?>
<!-- Generated by org.testng.reporters.JUnitReportReporter -->
<testsuite hostname="DESKTOP-R0RLALP" failures="1" tests="2" name="com.java.runner.SlidesRunner" time="228.372" errors="0" timestamp="2025-03-02T17:28:41 IST" skipped="0">
  <testcase classname="com.java.runner.SlidesRunner" name="runScenario" time="113.994">
    <failure message="Slide durations are not matching expected [true] but found [false]" type="java.lang.AssertionError">
      <![CDATA[java.lang.AssertionError: Slide durations are not matching expected [true] but found [false]
at org.testng.Assert.fail(Assert.java:99)
at org.testng.Assert.failNotEquals(Assert.java:1037)
at org.testng.Assert.assertTrue(Assert.java:45)
at com.java.stepDefinition.Slides.i_validate_slide_durations(Slides.java:54)
at âœ½.I validate the duration with the expected duration(file:///C:/Users/Admin/Downloads/MyProject/Multi-Module-Maven-Project/TestAutomation/derived-product-tests1/src/test/java/com/java/features/Slides.feature:11)
]]>
    </failure>
  </testcase> <!-- runScenario -->
  <system-out/>
  <testcase classname="com.java.runner.SlidesRunner" name="runScenario" time="114.378"/>
  <system-out/>
</testsuite> <!-- com.java.runner.SlidesRunner -->
