<?xml version="1.0" encoding="UTF-8"?>
<testng-results ignored="0" total="2" passed="0" failed="2" skipped="0">
  <reporter-output>
  </reporter-output>
  <suite started-at="2025-03-02T16:27:42 IST" name="Suite" finished-at="2025-03-02T16:27:57 IST" duration-ms="15424">
    <groups>
      <group name="cucumber">
        <method signature="AbstractTestNGCucumberTests.runScenario(io.cucumber.testng.PickleWrapper,io.cucumber.testng.FeatureWrapper)[pri:0, instance:com.java.runner.VideoFeedsRunner@3cd3e762]" name="runScenario" class="io.cucumber.testng.AbstractTestNGCucumberTests"/>
        <method signature="AbstractTestNGCucumberTests.runScenario(io.cucumber.testng.PickleWrapper,io.cucumber.testng.FeatureWrapper)[pri:0, instance:com.java.runner.VideoFeedsRunner@38afe297]" name="runScenario" class="io.cucumber.testng.AbstractTestNGCucumberTests"/>
      </group> <!-- cucumber -->
    </groups>
    <test started-at="2025-03-02T16:27:42 IST" name="Core Product Tests in Chrome" finished-at="2025-03-02T16:27:57 IST" duration-ms="15424">
      <class name="com.java.runner.VideoFeedsRunner">
        <test-method is-config="true" signature="setup(java.lang.String)[pri:0, instance:com.java.runner.VideoFeedsRunner@3cd3e762]" started-at="2025-03-02T16:27:42 IST" name="setup" finished-at="2025-03-02T16:27:51 IST" duration-ms="8588" status="PASS">
          <params>
            <param index="0">
              <value>
                <![CDATA[Chrome]]>
              </value>
            </param>
          </params>
          <reporter-output>
          </reporter-output>
        </test-method> <!-- setup -->
        <test-method is-config="true" signature="setUpClass(org.testng.ITestContext)[pri:0, instance:com.java.runner.VideoFeedsRunner@3cd3e762]" started-at="2025-03-02T16:27:51 IST" name="setUpClass" finished-at="2025-03-02T16:27:53 IST" duration-ms="2110" status="PASS">
          <params>
            <param index="0">
              <value>
                <![CDATA[org.testng.TestRunner@bf1ec20]]>
              </value>
            </param>
          </params>
          <reporter-output>
          </reporter-output>
        </test-method> <!-- setUpClass -->
        <test-method is-config="true" signature="setCucumberTags(java.lang.String)[pri:0, instance:com.java.runner.VideoFeedsRunner@3cd3e762]" started-at="2025-03-02T16:27:53 IST" name="setCucumberTags" finished-at="2025-03-02T16:27:53 IST" duration-ms="1" status="PASS">
          <params>
            <param index="0">
              <value>
                <![CDATA[@CP2]]>
              </value>
            </param>
          </params>
          <reporter-output>
          </reporter-output>
        </test-method> <!-- setCucumberTags -->
        <test-method signature="runScenario(io.cucumber.testng.PickleWrapper,io.cucumber.testng.FeatureWrapper)[pri:0, instance:com.java.runner.VideoFeedsRunner@3cd3e762]" started-at="2025-03-02T16:27:53 IST" name="runScenario" description="Runs Cucumber Scenarios" data-provider="scenarios" finished-at="2025-03-02T16:27:54 IST" duration-ms="1149" status="FAIL">
          <params>
            <param index="0">
              <value>
                <![CDATA["Verify Video Feeds in the New & Features section"]]>
              </value>
            </param>
            <param index="1">
              <value>
                <![CDATA["Validate Video Feeds on CP Home Page"]]>
              </value>
            </param>
          </params>
          <exception class="java.io.FileNotFoundException">
            <message>
              <![CDATA[C:\Users\Admin\Downloads\MyProject\Multi-Module-Maven-Project\TestAutomation\automation-frameworknull (The system cannot find the file specified)]]>
            </message>
            <full-stacktrace>
              <![CDATA[java.io.FileNotFoundException: C:\Users\Admin\Downloads\MyProject\Multi-Module-Maven-Project\TestAutomation\automation-frameworknull (The system cannot find the file specified)
at java.base/java.io.FileInputStream.open0(Native Method)
at java.base/java.io.FileInputStream.open(FileInputStream.java:213)
at java.base/java.io.FileInputStream.<init>(FileInputStream.java:152)
at java.base/java.io.FileInputStream.<init>(FileInputStream.java:106)
at java.base/java.io.FileReader.<init>(FileReader.java:60)
at com.java.dataReader.JsonReader.getDataFromJson(JsonReader.java:20)
at com.java.base.TestBase.openCoreProductWebSite(TestBase.java:33)
]]>
            </full-stacktrace>
          </exception> <!-- java.io.FileNotFoundException -->
          <reporter-output>
          </reporter-output>
        </test-method> <!-- runScenario -->
        <test-method is-config="true" signature="tearDownClass()[pri:0, instance:com.java.runner.VideoFeedsRunner@3cd3e762]" started-at="2025-03-02T16:27:54 IST" name="tearDownClass" finished-at="2025-03-02T16:27:57 IST" duration-ms="2953" status="PASS">
          <reporter-output>
          </reporter-output>
        </test-method> <!-- tearDownClass -->
      </class> <!-- com.java.runner.VideoFeedsRunner -->
    </test> <!-- Core Product Tests in Chrome -->
    <test started-at="2025-03-02T16:27:42 IST" name="Core Product Tests in Edge" finished-at="2025-03-02T16:27:57 IST" duration-ms="15402">
      <class name="com.java.runner.VideoFeedsRunner">
        <test-method is-config="true" signature="initalizeFiles()[pri:0, instance:com.java.runner.VideoFeedsRunner@38afe297]" started-at="2025-03-02T16:27:41 IST" name="initalizeFiles" finished-at="2025-03-02T16:27:42 IST" duration-ms="1269" status="PASS">
          <reporter-output>
          </reporter-output>
        </test-method> <!-- initalizeFiles -->
        <test-method is-config="true" signature="setup(java.lang.String)[pri:0, instance:com.java.runner.VideoFeedsRunner@38afe297]" started-at="2025-03-02T16:27:42 IST" name="setup" finished-at="2025-03-02T16:27:51 IST" duration-ms="9204" status="PASS">
          <params>
            <param index="0">
              <value>
                <![CDATA[Edge]]>
              </value>
            </param>
          </params>
          <reporter-output>
          </reporter-output>
        </test-method> <!-- setup -->
        <test-method is-config="true" signature="setUpClass(org.testng.ITestContext)[pri:0, instance:com.java.runner.VideoFeedsRunner@38afe297]" started-at="2025-03-02T16:27:51 IST" name="setUpClass" finished-at="2025-03-02T16:27:53 IST" duration-ms="1665" status="PASS">
          <params>
            <param index="0">
              <value>
                <![CDATA[org.testng.TestRunner@4e858e0a]]>
              </value>
            </param>
          </params>
          <reporter-output>
          </reporter-output>
        </test-method> <!-- setUpClass -->
        <test-method is-config="true" signature="setCucumberTags(java.lang.String)[pri:0, instance:com.java.runner.VideoFeedsRunner@38afe297]" started-at="2025-03-02T16:27:53 IST" name="setCucumberTags" finished-at="2025-03-02T16:27:53 IST" duration-ms="2" status="PASS">
          <params>
            <param index="0">
              <value>
                <![CDATA[@CP2]]>
              </value>
            </param>
          </params>
          <reporter-output>
          </reporter-output>
        </test-method> <!-- setCucumberTags -->
        <test-method signature="runScenario(io.cucumber.testng.PickleWrapper,io.cucumber.testng.FeatureWrapper)[pri:0, instance:com.java.runner.VideoFeedsRunner@38afe297]" started-at="2025-03-02T16:27:53 IST" name="runScenario" description="Runs Cucumber Scenarios" data-provider="scenarios" finished-at="2025-03-02T16:27:54 IST" duration-ms="1149" status="FAIL">
          <params>
            <param index="0">
              <value>
                <![CDATA["Verify Video Feeds in the New & Features section"]]>
              </value>
            </param>
            <param index="1">
              <value>
                <![CDATA["Validate Video Feeds on CP Home Page"]]>
              </value>
            </param>
          </params>
          <exception class="java.io.FileNotFoundException">
            <message>
              <![CDATA[C:\Users\Admin\Downloads\MyProject\Multi-Module-Maven-Project\TestAutomation\automation-frameworknull (The system cannot find the file specified)]]>
            </message>
            <full-stacktrace>
              <![CDATA[java.io.FileNotFoundException: C:\Users\Admin\Downloads\MyProject\Multi-Module-Maven-Project\TestAutomation\automation-frameworknull (The system cannot find the file specified)
at java.base/java.io.FileInputStream.open0(Native Method)
at java.base/java.io.FileInputStream.open(FileInputStream.java:213)
at java.base/java.io.FileInputStream.<init>(FileInputStream.java:152)
at java.base/java.io.FileInputStream.<init>(FileInputStream.java:106)
at java.base/java.io.FileReader.<init>(FileReader.java:60)
at com.java.dataReader.JsonReader.getDataFromJson(JsonReader.java:20)
at com.java.base.TestBase.openCoreProductWebSite(TestBase.java:33)
]]>
            </full-stacktrace>
          </exception> <!-- java.io.FileNotFoundException -->
          <reporter-output>
          </reporter-output>
        </test-method> <!-- runScenario -->
        <test-method is-config="true" signature="tearDownClass()[pri:0, instance:com.java.runner.VideoFeedsRunner@38afe297]" started-at="2025-03-02T16:27:54 IST" name="tearDownClass" finished-at="2025-03-02T16:27:57 IST" duration-ms="2903" status="PASS">
          <reporter-output>
          </reporter-output>
        </test-method> <!-- tearDownClass -->
        <test-method is-config="true" signature="quitDriver()[pri:0, instance:com.java.runner.VideoFeedsRunner@38afe297]" started-at="2025-03-02T16:28:01 IST" name="quitDriver" finished-at="2025-03-02T16:28:01 IST" duration-ms="1" status="PASS">
          <reporter-output>
          </reporter-output>
        </test-method> <!-- quitDriver -->
      </class> <!-- com.java.runner.VideoFeedsRunner -->
    </test> <!-- Core Product Tests in Edge -->
  </suite> <!-- Suite -->
</testng-results>
