<?xml version="1.0" encoding="UTF-8"?>
<!-- Generated by org.testng.reporters.JUnitXMLReporter -->
<testsuite ignored="0" hostname="DESKTOP-R0RLALP" failures="1" tests="1" name="Derived Product 1 Tests in Edge" time="141.314" errors="0" timestamp="2025-03-02T17:28:38 IST">
  <testcase classname="io.cucumber.testng.AbstractTestNGCucumberTests" name="runScenario" time="113.994">
    <failure type="java.lang.AssertionError" message="Slide durations are not matching expected [true] but found [false]">
      <![CDATA[java.lang.AssertionError: Slide durations are not matching expected [true] but found [false]
at com.java.stepDefinition.Slides.i_validate_slide_durations(Slides.java:54)
at âœ½.I validate the duration with the expected duration(file:///C:/Users/Admin/Downloads/MyProject/Multi-Module-Maven-Project/TestAutomation/derived-product-tests1/src/test/java/com/java/features/Slides.feature:11)
... Removed 3 stack frames]]>
    </failure>
  </testcase> <!-- runScenario -->
</testsuite> <!-- Derived Product 1 Tests in Edge -->
